<?xml version="1.0" encoding="UTF-8"?>
<testng-results ignored="0" total="1" passed="1" failed="0" skipped="0">
  <reporter-output>
  </reporter-output>
  <suite started-at="2023-06-29T14:20:31Z" name="Default suite" finished-at="2023-06-29T14:21:52Z" duration-ms="80468">
    <groups>
    </groups>
    <test started-at="2023-06-29T14:20:31Z" name="Default test" finished-at="2023-06-29T14:21:52Z" duration-ms="80468">
      <class name="doctors.SerchDoctors">
        <test-method signature="validateApp()[pri:0, instance:doctors.SerchDoctors@6cb6decd]" started-at="2023-06-29T14:20:31Z" name="validateApp" finished-at="2023-06-29T14:21:52Z" duration-ms="80419" status="PASS">
          <reporter-output>
          </reporter-output>
        </test-method> <!-- validateApp -->
      </class> <!-- doctors.SerchDoctors -->
    </test> <!-- Default test -->
  </suite> <!-- Default suite -->
</testng-results>
