<?xml version="1.0" encoding="UTF-8"?>
<testng-results ignored="0" total="1" passed="0" failed="1" skipped="0">
  <reporter-output>
  </reporter-output>
  <suite started-at="2023-06-28T00:06:24Z" name="Default suite" finished-at="2023-06-28T00:08:53Z" duration-ms="148795">
    <groups>
    </groups>
    <test started-at="2023-06-28T00:06:24Z" name="Default test" finished-at="2023-06-28T00:08:53Z" duration-ms="148795">
      <class name="doctors.SerchDoctors">
        <test-method signature="validateApp()[pri:0, instance:doctors.SerchDoctors@6cb6decd]" started-at="2023-06-28T00:06:24Z" name="validateApp" finished-at="2023-06-28T00:08:53Z" duration-ms="148734" status="FAIL">
          <exception class="org.openqa.selenium.NoSuchElementException">
            <message>
              <![CDATA[An element could not be located on the page using the given search parameters.
For documentation on this error, please visit: https://www.seleniumhq.org/exceptions/no_such_element.html
Build info: version: '3.141.59', revision: 'e82be7d358', time: '2018-11-14T08:25:53'
System info: host: 'ADITYA-SHRIRAM1', ip: '192.168.0.106', os.name: 'Windows 10', os.arch: 'amd64', os.version: '10.0', java.version: '19.0.1'
Driver info: io.appium.java_client.android.AndroidDriver
Capabilities {appActivity: com.apollopatient.MainActivity, appPackage: com.apollo.patientapp, automationName: UiAutomator2, databaseEnabled: false, desired: {appActivity: com.apollopatient.MainActivity, appPackage: com.apollo.patientapp, automationName: UiAutomator2, deviceName: Udid, platformName: android, platformVersion: 10}, deviceApiLevel: 29, deviceManufacturer: Xiaomi, deviceModel: M2006C3LI, deviceName: MJOVDAP7JBFMFMZX, deviceScreenDensity: 320, deviceScreenSize: 720x1600, deviceUDID: MJOVDAP7JBFMFMZX, javascriptEnabled: true, locationContextEnabled: false, networkConnectionEnabled: true, pixelRatio: 2, platform: LINUX, platformName: Android, platformVersion: 10, statBarHeight: 55, takesScreenshot: true, viewportRect: {height: 1394, left: 0, top: 55, width: 720}, warnings: {}, webStorageEnabled: false}
Session ID: 48442937-d390-4694-b1a1-5ec90ac43134
*** Element info: {Using=xpath, value=//div[@class='_highlighter-box_c3e46 _hovered-element-box_c3e46 _inspected-element-box_c3e46']//div}]]>
            </message>
            <full-stacktrace>
              <![CDATA[org.openqa.selenium.NoSuchElementException: An element could not be located on the page using the given search parameters.
For documentation on this error, please visit: https://www.seleniumhq.org/exceptions/no_such_element.html
Build info: version: '3.141.59', revision: 'e82be7d358', time: '2018-11-14T08:25:53'
System info: host: 'ADITYA-SHRIRAM1', ip: '192.168.0.106', os.name: 'Windows 10', os.arch: 'amd64', os.version: '10.0', java.version: '19.0.1'
Driver info: io.appium.java_client.android.AndroidDriver
Capabilities {appActivity: com.apollopatient.MainActivity, appPackage: com.apollo.patientapp, automationName: UiAutomator2, databaseEnabled: false, desired: {appActivity: com.apollopatient.MainActivity, appPackage: com.apollo.patientapp, automationName: UiAutomator2, deviceName: Udid, platformName: android, platformVersion: 10}, deviceApiLevel: 29, deviceManufacturer: Xiaomi, deviceModel: M2006C3LI, deviceName: MJOVDAP7JBFMFMZX, deviceScreenDensity: 320, deviceScreenSize: 720x1600, deviceUDID: MJOVDAP7JBFMFMZX, javascriptEnabled: true, locationContextEnabled: false, networkConnectionEnabled: true, pixelRatio: 2, platform: LINUX, platformName: Android, platformVersion: 10, statBarHeight: 55, takesScreenshot: true, viewportRect: {height: 1394, left: 0, top: 55, width: 720}, warnings: {}, webStorageEnabled: false}
Session ID: 48442937-d390-4694-b1a1-5ec90ac43134
*** Element info: {Using=xpath, value=//div[@class='_highlighter-box_c3e46 _hovered-element-box_c3e46 _inspected-element-box_c3e46']//div}
at java.base/jdk.internal.reflect.DirectConstructorHandleAccessor.newInstance(DirectConstructorHandleAccessor.java:67)
at java.base/java.lang.reflect.Constructor.newInstanceWithCaller(Constructor.java:500)
at java.base/java.lang.reflect.Constructor.newInstance(Constructor.java:484)
at org.openqa.selenium.remote.http.W3CHttpResponseCodec.createException(W3CHttpResponseCodec.java:187)
at org.openqa.selenium.remote.http.W3CHttpResponseCodec.decode(W3CHttpResponseCodec.java:122)
at org.openqa.selenium.remote.http.W3CHttpResponseCodec.decode(W3CHttpResponseCodec.java:49)
at org.openqa.selenium.remote.HttpCommandExecutor.execute(HttpCommandExecutor.java:158)
at io.appium.java_client.remote.AppiumCommandExecutor.execute(AppiumCommandExecutor.java:250)
at org.openqa.selenium.remote.RemoteWebDriver.execute(RemoteWebDriver.java:552)
at io.appium.java_client.DefaultGenericMobileDriver.execute(DefaultGenericMobileDriver.java:41)
at io.appium.java_client.AppiumDriver.execute(AppiumDriver.java:1)
at io.appium.java_client.android.AndroidDriver.execute(AndroidDriver.java:1)
at org.openqa.selenium.remote.RemoteWebDriver.findElement(RemoteWebDriver.java:323)
at io.appium.java_client.DefaultGenericMobileDriver.findElement(DefaultGenericMobileDriver.java:61)
at io.appium.java_client.AppiumDriver.findElement(AppiumDriver.java:1)
at io.appium.java_client.android.AndroidDriver.findElement(AndroidDriver.java:1)
at org.openqa.selenium.remote.RemoteWebDriver.findElementByXPath(RemoteWebDriver.java:428)
at io.appium.java_client.DefaultGenericMobileDriver.findElementByXPath(DefaultGenericMobileDriver.java:151)
at io.appium.java_client.AppiumDriver.findElementByXPath(AppiumDriver.java:1)
at io.appium.java_client.android.AndroidDriver.findElementByXPath(AndroidDriver.java:1)
at org.openqa.selenium.By$ByXPath.findElement(By.java:353)
at org.openqa.selenium.remote.RemoteWebDriver.findElement(RemoteWebDriver.java:315)
at io.appium.java_client.DefaultGenericMobileDriver.findElement(DefaultGenericMobileDriver.java:57)
at io.appium.java_client.AppiumDriver.findElement(AppiumDriver.java:1)
at io.appium.java_client.android.AndroidDriver.findElement(AndroidDriver.java:1)
at doctors.SerchDoctors.validateApp(SerchDoctors.java:53)
at java.base/jdk.internal.reflect.DirectMethodHandleAccessor.invoke(DirectMethodHandleAccessor.java:104)
at java.base/java.lang.reflect.Method.invoke(Method.java:578)
at org.testng.internal.MethodInvocationHelper.invokeMethod(MethodInvocationHelper.java:124)
at org.testng.internal.Invoker.invokeMethod(Invoker.java:583)
at org.testng.internal.Invoker.invokeTestMethod(Invoker.java:719)
at org.testng.internal.Invoker.invokeTestMethods(Invoker.java:989)
at org.testng.internal.TestMethodWorker.invokeTestMethods(TestMethodWorker.java:125)
at org.testng.internal.TestMethodWorker.run(TestMethodWorker.java:109)
at org.testng.TestRunner.privateRun(TestRunner.java:648)
at org.testng.TestRunner.run(TestRunner.java:505)
at org.testng.SuiteRunner.runTest(SuiteRunner.java:455)
at org.testng.SuiteRunner.runSequentially(SuiteRunner.java:450)
at org.testng.SuiteRunner.privateRun(SuiteRunner.java:415)
at org.testng.SuiteRunner.run(SuiteRunner.java:364)
at org.testng.SuiteRunnerWorker.runSuite(SuiteRunnerWorker.java:52)
at org.testng.SuiteRunnerWorker.run(SuiteRunnerWorker.java:84)
at org.testng.TestNG.runSuitesSequentially(TestNG.java:1208)
at org.testng.TestNG.runSuitesLocally(TestNG.java:1137)
at org.testng.TestNG.runSuites(TestNG.java:1049)
at org.testng.TestNG.run(TestNG.java:1017)
at org.testng.remote.AbstractRemoteTestNG.run(AbstractRemoteTestNG.java:115)
at org.testng.remote.RemoteTestNG.initAndRun(RemoteTestNG.java:251)
at org.testng.remote.RemoteTestNG.main(RemoteTestNG.java:77)
]]>
            </full-stacktrace>
          </exception> <!-- org.openqa.selenium.NoSuchElementException -->
          <reporter-output>
          </reporter-output>
        </test-method> <!-- validateApp -->
      </class> <!-- doctors.SerchDoctors -->
    </test> <!-- Default test -->
  </suite> <!-- Default suite -->
</testng-results>
